Flow report for uc
Sat May 20 12:57:54 2017
Quartus II Version 9.1 Build 350 03/24/2010 Service Pack 2 SJ Web Edition


---------------------
; Table of Contents ;
---------------------
  1. Legal Notice
  2. Flow Summary
  3. Flow Settings
  4. Flow Non-Default Global Settings
  5. Flow Elapsed Time
  6. Flow OS Summary
  7. Flow Log



----------------
; Legal Notice ;
----------------
Copyright (C) 1991-2010 Altera Corporation
Your use of Altera Corporation's design tools, logic functions 
and other software and tools, and its AMPP partner logic 
functions, and any output files from any of the foregoing 
(including device programming or simulation files), and any 
associated documentation or information are expressly subject 
to the terms and conditions of the Altera Program License 
Subscription Agreement, Altera MegaCore Function License 
Agreement, or other applicable license agreement, including, 
without limitation, that your use is for the sole purpose of 
programming logic devices manufactured by Altera and sold by 
Altera or its authorized distributors.  Please refer to the 
applicable agreement for further details.



+------------------------------------------------------------------------------+
; Flow Summary                                                                 ;
+-------------------------------+----------------------------------------------+
; Flow Status                   ; Successful - Sat May 20 12:57:54 2017        ;
; Quartus II Version            ; 9.1 Build 350 03/24/2010 SP 2 SJ Web Edition ;
; Revision Name                 ; uc                                           ;
; Top-level Entity Name         ; Main                                         ;
; Family                        ; Stratix III                                  ;
; Met timing requirements       ; N/A                                          ;
; Logic utilization             ; 8 %                                          ;
;     Combinational ALUTs       ; 1,954 / 38,000 ( 5 % )                       ;
;     Memory ALUTs              ; 0 / 19,000 ( 0 % )                           ;
;     Dedicated logic registers ; 1,352 / 38,000 ( 4 % )                       ;
; Total registers               ; 1352                                         ;
; Total pins                    ; 130 / 296 ( 44 % )                           ;
; Total virtual pins            ; 0                                            ;
; Total block memory bits       ; 8,192 / 1,880,064 ( < 1 % )                  ;
; DSP block 18-bit elements     ; 0 / 216 ( 0 % )                              ;
; Total PLLs                    ; 0 / 4 ( 0 % )                                ;
; Total DLLs                    ; 0 / 4 ( 0 % )                                ;
; Device                        ; EP3SL50F484C2                                ;
; Timing Models                 ; Final                                        ;
+-------------------------------+----------------------------------------------+


+-----------------------------------------+
; Flow Settings                           ;
+-------------------+---------------------+
; Option            ; Setting             ;
+-------------------+---------------------+
; Start date & time ; 05/20/2017 12:56:12 ;
; Main task         ; Compilation         ;
; Revision Name     ; uc                  ;
+-------------------+---------------------+


+------------------------------------------------------------------------------------------------------------------------------------------------------+
; Flow Non-Default Global Settings                                                                                                                     ;
+---------------------------------+------------------------------------------------------+------------------------------+-------------+----------------+
; Assignment Name                 ; Value                                                ; Default Value                ; Entity Name ; Section Id     ;
+---------------------------------+------------------------------------------------------+------------------------------+-------------+----------------+
; COMPILER_SIGNATURE_ID           ; 121372141975.149529577206424                         ; --                           ; --          ; --             ;
; EDA_GENERATE_FUNCTIONAL_NETLIST ; On                                                   ; --                           ; --          ; eda_simulation ;
; EDA_NETLIST_WRITER_OUTPUT_DIR   ; /home/CIN/esvm/Documents/ucHardware/simulation/qsim/ ; --                           ; --          ; eda_simulation ;
; EDA_OUTPUT_DATA_FORMAT          ; Verilog Hdl                                          ; --                           ; --          ; eda_simulation ;
; EDA_SIMULATION_TOOL             ; ModelSim-Altera (Verilog)                            ; <None>                       ; --          ; --             ;
; EDA_TIME_SCALE                  ; 1 ps                                                 ; --                           ; --          ; eda_simulation ;
; FITTER_EFFORT                   ; Standard Fit                                         ; Auto Fit                     ; --          ; --             ;
; INCREMENTAL_COMPILATION         ; Off                                                  ; FULL_INCREMENTAL_COMPILATION ; --          ; --             ;
; PROJECT_OUTPUT_DIRECTORY        ; output_files                                         ; --                           ; --          ; --             ;
; TOP_LEVEL_ENTITY                ; Main                                                 ; uc                           ; --          ; --             ;
+---------------------------------+------------------------------------------------------+------------------------------+-------------+----------------+


+-------------------------------------------------------------------------------------------------------------------------------+
; Flow Elapsed Time                                                                                                             ;
+---------------------------+--------------+-------------------------+---------------------+------------------------------------+
; Module Name               ; Elapsed Time ; Average Processors Used ; Peak Virtual Memory ; Total CPU Time (on all processors) ;
+---------------------------+--------------+-------------------------+---------------------+------------------------------------+
; Analysis & Synthesis      ; 00:00:27     ; 1.0                     ; 297 MB              ; 00:00:30                           ;
; Fitter                    ; 00:00:59     ; 1.0                     ; 394 MB              ; 00:01:06                           ;
; TimeQuest Timing Analyzer ; 00:00:10     ; 1.0                     ; 314 MB              ; 00:00:09                           ;
; Assembler                 ; 00:00:07     ; 1.0                     ; 340 MB              ; 00:00:07                           ;
; EDA Netlist Writer        ; 00:00:02     ; 1.0                     ; 228 MB              ; 00:00:04                           ;
; Total                     ; 00:01:38     ; --                      ; --                  ; 00:01:49                           ;
+---------------------------+--------------+-------------------------+---------------------+------------------------------------+


+--------------------------------------------------------------------------------------------+
; Flow OS Summary                                                                            ;
+---------------------------+------------------+---------------+------------+----------------+
; Module Name               ; Machine Hostname ; OS Name       ; OS Version ; Processor type ;
+---------------------------+------------------+---------------+------------+----------------+
; Analysis & Synthesis      ; DESKTOP-688MMRQ  ; Windows Vista ; 6.2        ; x86_64         ;
; Fitter                    ; DESKTOP-688MMRQ  ; Windows Vista ; 6.2        ; x86_64         ;
; Assembler                 ; DESKTOP-688MMRQ  ; Windows Vista ; 6.2        ; x86_64         ;
; TimeQuest Timing Analyzer ; DESKTOP-688MMRQ  ; Windows Vista ; 6.2        ; x86_64         ;
; EDA Netlist Writer        ; DESKTOP-688MMRQ  ; Windows Vista ; 6.2        ; x86_64         ;
+---------------------------+------------------+---------------+------------+----------------+


------------
; Flow Log ;
------------
quartus_map --read_settings_files=on --write_settings_files=off uc -c uc
quartus_fit --read_settings_files=off --write_settings_files=off uc -c uc
quartus_asm --read_settings_files=off --write_settings_files=off uc -c uc
quartus_sta uc -c uc
quartus_eda --read_settings_files=off --write_settings_files=off uc -c uc



