Analysis & Synthesis report for uc
Sat May 13 22:36:38 2017
Quartus II 64-Bit Version 13.1.0 Build 162 10/23/2013 SJ Web Edition


---------------------
; Table of Contents ;
---------------------
  1. Legal Notice
  2. Analysis & Synthesis Summary
  3. Analysis & Synthesis Settings
  4. Parallel Compilation
  5. Analysis & Synthesis Source Files Read
  6. Analysis & Synthesis Resource Usage Summary
  7. Analysis & Synthesis Resource Utilization by Entity
  8. General Register Statistics
  9. Parameter Settings for User Entity Instance: Top-level Entity: |uControl
 10. Analysis & Synthesis Messages



----------------
; Legal Notice ;
----------------
Copyright (C) 1991-2013 Altera Corporation
Your use of Altera Corporation's design tools, logic functions 
and other software and tools, and its AMPP partner logic 
functions, and any output files from any of the foregoing 
(including device programming or simulation files), and any 
associated documentation or information are expressly subject 
to the terms and conditions of the Altera Program License 
Subscription Agreement, Altera MegaCore Function License 
Agreement, or other applicable license agreement, including, 
without limitation, that your use is for the sole purpose of 
programming logic devices manufactured by Altera and sold by 
Altera or its authorized distributors.  Please refer to the 
applicable agreement for further details.



+--------------------------------------------------------------------------+
; Analysis & Synthesis Summary                                             ;
+-----------------------------+--------------------------------------------+
; Analysis & Synthesis Status ; Successful - Sat May 13 22:36:38 2017      ;
; Quartus II 64-Bit Version   ; 13.1.0 Build 162 10/23/2013 SJ Web Edition ;
; Revision Name               ; uc                                         ;
; Top-level Entity Name       ; uControl                                   ;
; Family                      ; MAX V                                      ;
; Total logic elements        ; 0                                          ;
; Total pins                  ; 56                                         ;
; Total virtual pins          ; 0                                          ;
; UFM blocks                  ; 0 / 1 ( 0 % )                              ;
+-----------------------------+--------------------------------------------+


+----------------------------------------------------------------------------------------------------------------------+
; Analysis & Synthesis Settings                                                                                        ;
+----------------------------------------------------------------------------+--------------------+--------------------+
; Option                                                                     ; Setting            ; Default Value      ;
+----------------------------------------------------------------------------+--------------------+--------------------+
; Top-level entity name                                                      ; uControl           ; uc                 ;
; Family name                                                                ; MAX V              ; Cyclone IV GX      ;
; Use smart compilation                                                      ; Off                ; Off                ;
; Enable parallel Assembler and TimeQuest Timing Analyzer during compilation ; On                 ; On                 ;
; Enable compact report table                                                ; Off                ; Off                ;
; Restructure Multiplexers                                                   ; Auto               ; Auto               ;
; Create Debugging Nodes for IP Cores                                        ; Off                ; Off                ;
; Preserve fewer node names                                                  ; On                 ; On                 ;
; Disable OpenCore Plus hardware evaluation                                  ; Off                ; Off                ;
; Verilog Version                                                            ; Verilog_2001       ; Verilog_2001       ;
; VHDL Version                                                               ; VHDL_1993          ; VHDL_1993          ;
; State Machine Processing                                                   ; Auto               ; Auto               ;
; Safe State Machine                                                         ; Off                ; Off                ;
; Extract Verilog State Machines                                             ; On                 ; On                 ;
; Extract VHDL State Machines                                                ; On                 ; On                 ;
; Ignore Verilog initial constructs                                          ; Off                ; Off                ;
; Iteration limit for constant Verilog loops                                 ; 5000               ; 5000               ;
; Iteration limit for non-constant Verilog loops                             ; 250                ; 250                ;
; Add Pass-Through Logic to Inferred RAMs                                    ; On                 ; On                 ;
; Infer RAMs from Raw Logic                                                  ; On                 ; On                 ;
; Parallel Synthesis                                                         ; On                 ; On                 ;
; NOT Gate Push-Back                                                         ; On                 ; On                 ;
; Power-Up Don't Care                                                        ; On                 ; On                 ;
; Remove Redundant Logic Cells                                               ; Off                ; Off                ;
; Remove Duplicate Registers                                                 ; On                 ; On                 ;
; Ignore CARRY Buffers                                                       ; Off                ; Off                ;
; Ignore CASCADE Buffers                                                     ; Off                ; Off                ;
; Ignore GLOBAL Buffers                                                      ; Off                ; Off                ;
; Ignore ROW GLOBAL Buffers                                                  ; Off                ; Off                ;
; Ignore LCELL Buffers                                                       ; Off                ; Off                ;
; Ignore SOFT Buffers                                                        ; On                 ; On                 ;
; Limit AHDL Integers to 32 Bits                                             ; Off                ; Off                ;
; Optimization Technique                                                     ; Balanced           ; Balanced           ;
; Carry Chain Length                                                         ; 70                 ; 70                 ;
; Auto Carry Chains                                                          ; On                 ; On                 ;
; Auto Open-Drain Pins                                                       ; On                 ; On                 ;
; Perform WYSIWYG Primitive Resynthesis                                      ; Off                ; Off                ;
; Auto Shift Register Replacement                                            ; Auto               ; Auto               ;
; Allow Shift Register Merging across Hierarchies                            ; Auto               ; Auto               ;
; Auto Clock Enable Replacement                                              ; On                 ; On                 ;
; Allow Synchronous Control Signals                                          ; On                 ; On                 ;
; Force Use of Synchronous Clear Signals                                     ; Off                ; Off                ;
; Auto Resource Sharing                                                      ; Off                ; Off                ;
; Use LogicLock Constraints during Resource Balancing                        ; On                 ; On                 ;
; Ignore translate_off and synthesis_off directives                          ; Off                ; Off                ;
; Report Parameter Settings                                                  ; On                 ; On                 ;
; Report Source Assignments                                                  ; On                 ; On                 ;
; Report Connectivity Checks                                                 ; On                 ; On                 ;
; Ignore Maximum Fan-Out Assignments                                         ; Off                ; Off                ;
; Synchronization Register Chain Length                                      ; 2                  ; 2                  ;
; PowerPlay Power Optimization                                               ; Normal compilation ; Normal compilation ;
; HDL message level                                                          ; Level2             ; Level2             ;
; Suppress Register Optimization Related Messages                            ; Off                ; Off                ;
; Number of Removed Registers Reported in Synthesis Report                   ; 5000               ; 5000               ;
; Number of Swept Nodes Reported in Synthesis Report                         ; 5000               ; 5000               ;
; Number of Inverted Registers Reported in Synthesis Report                  ; 100                ; 100                ;
; Clock MUX Protection                                                       ; On                 ; On                 ;
; Block Design Naming                                                        ; Auto               ; Auto               ;
; Synthesis Effort                                                           ; Auto               ; Auto               ;
; Shift Register Replacement - Allow Asynchronous Clear Signal               ; On                 ; On                 ;
; Pre-Mapping Resynthesis Optimization                                       ; Off                ; Off                ;
; Analysis & Synthesis Message Level                                         ; Medium             ; Medium             ;
; Disable Register Merging Across Hierarchies                                ; Auto               ; Auto               ;
; Synthesis Seed                                                             ; 1                  ; 1                  ;
+----------------------------------------------------------------------------+--------------------+--------------------+


+------------------------------------------+
; Parallel Compilation                     ;
+----------------------------+-------------+
; Processors                 ; Number      ;
+----------------------------+-------------+
; Number detected on machine ; 4           ;
; Maximum allowed            ; 4           ;
;                            ;             ;
; Average used               ; 1.00        ;
; Maximum used               ; 1           ;
;                            ;             ;
; Usage by Processor         ; % Time Used ;
;     Processor 1            ; 100.0%      ;
;     Processors 2-4         ;   0.0%      ;
+----------------------------+-------------+


+---------------------------------------------------------------------------------------------------------------------------------+
; Analysis & Synthesis Source Files Read                                                                                          ;
+----------------------------------+-----------------+------------------------+-----------------------------------------+---------+
; File Name with User-Entered Path ; Used in Netlist ; File Type              ; File Name with Absolute Path            ; Library ;
+----------------------------------+-----------------+------------------------+-----------------------------------------+---------+
; uControl.v                       ; yes             ; User Verilog HDL File  ; /home/pet/Documents/Hardware/uControl.v ;         ;
+----------------------------------+-----------------+------------------------+-----------------------------------------+---------+


+-----------------------------------------------------+
; Analysis & Synthesis Resource Usage Summary         ;
+---------------------------------------------+-------+
; Resource                                    ; Usage ;
+---------------------------------------------+-------+
; Total logic elements                        ; 0     ;
;     -- Combinational with no register       ; 0     ;
;     -- Register only                        ; 0     ;
;     -- Combinational with a register        ; 0     ;
;                                             ;       ;
; Logic element usage by number of LUT inputs ;       ;
;     -- 4 input functions                    ; 0     ;
;     -- 3 input functions                    ; 0     ;
;     -- 2 input functions                    ; 0     ;
;     -- 1 input functions                    ; 0     ;
;     -- 0 input functions                    ; 0     ;
;                                             ;       ;
; Logic elements by mode                      ;       ;
;     -- normal mode                          ; 0     ;
;     -- arithmetic mode                      ; 0     ;
;     -- qfbk mode                            ; 0     ;
;     -- register cascade mode                ; 0     ;
;     -- synchronous clear/load mode          ; 0     ;
;     -- asynchronous clear/load mode         ; 0     ;
;                                             ;       ;
; Total registers                             ; 0     ;
; I/O pins                                    ; 56    ;
+---------------------------------------------+-------+


+----------------------------------------------------------------------------------------------------------------------------------------------------------------------------------------------------------------------+
; Analysis & Synthesis Resource Utilization by Entity                                                                                                                                                                  ;
+----------------------------+-------------+--------------+------------+------+--------------+--------------+-------------------+------------------+-----------------+------------+---------------------+--------------+
; Compilation Hierarchy Node ; Logic Cells ; LC Registers ; UFM Blocks ; Pins ; Virtual Pins ; LUT-Only LCs ; Register-Only LCs ; LUT/Register LCs ; Carry Chain LCs ; Packed LCs ; Full Hierarchy Name ; Library Name ;
+----------------------------+-------------+--------------+------------+------+--------------+--------------+-------------------+------------------+-----------------+------------+---------------------+--------------+
; |uControl                  ; 0 (0)       ; 0            ; 0          ; 56   ; 0            ; 0 (0)        ; 0 (0)             ; 0 (0)            ; 0 (0)           ; 0 (0)      ; |uControl           ; work         ;
+----------------------------+-------------+--------------+------------+------+--------------+--------------+-------------------+------------------+-----------------+------------+---------------------+--------------+
Note: For table entries with two numbers listed, the numbers in parentheses indicate the number of resources of the given type used by the specific entity alone. The numbers listed outside of parentheses indicate the total resources of the given type used by the specific entity and all of its sub-entities in the hierarchy.


+------------------------------------------------------+
; General Register Statistics                          ;
+----------------------------------------------+-------+
; Statistic                                    ; Value ;
+----------------------------------------------+-------+
; Total registers                              ; 0     ;
; Number of registers using Synchronous Clear  ; 0     ;
; Number of registers using Synchronous Load   ; 0     ;
; Number of registers using Asynchronous Clear ; 0     ;
; Number of registers using Asynchronous Load  ; 0     ;
; Number of registers using Clock Enable       ; 0     ;
; Number of registers using Preset             ; 0     ;
+----------------------------------------------+-------+


+--------------------------------------------------------------------------+
; Parameter Settings for User Entity Instance: Top-level Entity: |uControl ;
+----------------+---------+-----------------------------------------------+
; Parameter Name ; Value   ; Type                                          ;
+----------------+---------+-----------------------------------------------+
; stateSTART     ; 00000   ; Unsigned Binary                               ;
; stateSHIFT     ; 00001   ; Unsigned Binary                               ;
; stateSSAVE     ; 00010   ; Unsigned Binary                               ;
; stateRESULT    ; 00011   ; Unsigned Binary                               ;
; stateRSAVE     ; 00100   ; Unsigned Binary                               ;
; stateISAVE     ; 00101   ; Unsigned Binary                               ;
; stateJR        ; 00110   ; Unsigned Binary                               ;
; stateBREAK     ; 00111   ; Unsigned Binary                               ;
; stateSLT       ; 01000   ; Unsigned Binary                               ;
; stateJAL       ; 01001   ; Unsigned Binary                               ;
; stateWAIT      ; 01010   ; Unsigned Binary                               ;
; stateLS        ; 01011   ; Unsigned Binary                               ;
; stateMEMWAIT   ; 01100   ; Unsigned Binary                               ;
; stateHILO      ; 01101   ; Unsigned Binary                               ;
; stateMEM       ; 01110   ; Unsigned Binary                               ;
; stateBEQM      ; 01111   ; Unsigned Binary                               ;
; stateBEQM2     ; 10000   ; Unsigned Binary                               ;
; stateBRANCH    ; 10001   ; Unsigned Binary                               ;
; stateEXCP      ; 10010   ; Unsigned Binary                               ;
; stateOF        ; 10011   ; Unsigned Binary                               ;
; stateDIV0      ; 10100   ; Unsigned Binary                               ;
; stateOPCODE    ; 10101   ; Unsigned Binary                               ;
; stateEXCP2     ; 10110   ; Unsigned Binary                               ;
; stateEXCP3     ; 10111   ; Unsigned Binary                               ;
; stateEXCP4     ; 11000   ; Unsigned Binary                               ;
; stateOP        ; 11001   ; Unsigned Binary                               ;
; stateSTART2    ; 11010   ; Unsigned Binary                               ;
; stateSTART3    ; 11011   ; Unsigned Binary                               ;
; stateSTART4    ; 11100   ; Unsigned Binary                               ;
; stateSTART5    ; 11101   ; Unsigned Binary                               ;
; ulaSA          ; 000     ; Unsigned Binary                               ;
; ulaADD         ; 001     ; Unsigned Binary                               ;
; ulaSUB         ; 010     ; Unsigned Binary                               ;
; ulaAND         ; 011     ; Unsigned Binary                               ;
; ADD            ; 0100000 ; Unsigned Binary                               ;
; AND            ; 0100100 ; Unsigned Binary                               ;
; DIV            ; 0011010 ; Unsigned Binary                               ;
; MULT           ; 0011000 ; Unsigned Binary                               ;
; JR             ; 0001000 ; Unsigned Binary                               ;
; MFHI           ; 0010000 ; Unsigned Binary                               ;
; MFLO           ; 0010010 ; Unsigned Binary                               ;
; SLL            ; 0000000 ; Unsigned Binary                               ;
; SLLV           ; 0000100 ; Unsigned Binary                               ;
; SLT            ; 0101010 ; Unsigned Binary                               ;
; SRA            ; 0000011 ; Unsigned Binary                               ;
; SRAV           ; 0000111 ; Unsigned Binary                               ;
; SRL            ; 0000010 ; Unsigned Binary                               ;
; SUB            ; 0100010 ; Unsigned Binary                               ;
; BREAK          ; 0001101 ; Unsigned Binary                               ;
; RTE            ; 0010011 ; Unsigned Binary                               ;
; ADDI           ; 1001000 ; Unsigned Binary                               ;
; ADDIU          ; 1001001 ; Unsigned Binary                               ;
; BEQ            ; 1000100 ; Unsigned Binary                               ;
; BNE            ; 1000101 ; Unsigned Binary                               ;
; BLE            ; 1000110 ; Unsigned Binary                               ;
; BGT            ; 1000111 ; Unsigned Binary                               ;
; BEQM           ; 1000001 ; Unsigned Binary                               ;
; LB             ; 1100000 ; Unsigned Binary                               ;
; LH             ; 1100001 ; Unsigned Binary                               ;
; LUI            ; 1001111 ; Unsigned Binary                               ;
; LW             ; 1100011 ; Unsigned Binary                               ;
; SB             ; 1101000 ; Unsigned Binary                               ;
; SH             ; 1101001 ; Unsigned Binary                               ;
; SLTI           ; 1001010 ; Unsigned Binary                               ;
; SW             ; 1101011 ; Unsigned Binary                               ;
; J              ; 1000010 ; Unsigned Binary                               ;
; JAL            ; 1000011 ; Unsigned Binary                               ;
+----------------+---------+-----------------------------------------------+
Note: In order to hide this table in the UI and the text report file, please set the "Show Parameter Settings in Synthesis Report" option in "Analysis and Synthesis Settings -> More Settings" to "Off".


+-------------------------------+
; Analysis & Synthesis Messages ;
+-------------------------------+
Info: *******************************************************************
Info: Running Quartus II 64-Bit Analysis & Synthesis
    Info: Version 13.1.0 Build 162 10/23/2013 SJ Web Edition
    Info: Processing started: Sat May 13 22:36:35 2017
Info: Command: quartus_map --read_settings_files=on --write_settings_files=off uc -c uc
Info (20030): Parallel compilation is enabled and will use 4 of the 4 processors detected
Info (12021): Found 1 design units, including 1 entities, in source file ShiftLeft16.v
    Info (12023): Found entity 1: ShiftLeft16
Info (12021): Found 1 design units, including 1 entities, in source file ShiftLeft2.v
    Info (12023): Found entity 1: ShiftLeft2
Info (12021): Found 1 design units, including 1 entities, in source file SignExtend1to32.v
    Info (12023): Found entity 1: SignExtend1to32
Info (12021): Found 1 design units, including 1 entities, in source file uControl.v
    Info (12023): Found entity 1: uControl
Info (12127): Elaborating entity "uControl" for the top level hierarchy
Warning (13024): Output pins are stuck at VCC or GND
    Warning (13410): Pin "MemCtrl" is stuck at GND
    Warning (13410): Pin "PCCtrl" is stuck at GND
    Warning (13410): Pin "MDCtrl" is stuck at GND
    Warning (13410): Pin "SECtrl" is stuck at GND
    Warning (13410): Pin "ShiftSrc" is stuck at GND
    Warning (13410): Pin "ShiftAmt" is stuck at GND
    Warning (13410): Pin "IRWrite" is stuck at GND
    Warning (13410): Pin "RegWrite" is stuck at GND
    Warning (13410): Pin "ALUOutCtrl" is stuck at GND
    Warning (13410): Pin "EPCCtrl" is stuck at GND
    Warning (13410): Pin "HILOWrite" is stuck at GND
    Warning (13410): Pin "IorD[0]" is stuck at GND
    Warning (13410): Pin "IorD[1]" is stuck at GND
    Warning (13410): Pin "ALUSrcA[0]" is stuck at GND
    Warning (13410): Pin "ALUSrcA[1]" is stuck at GND
    Warning (13410): Pin "ALUSrcB[0]" is stuck at GND
    Warning (13410): Pin "ALUSrcB[1]" is stuck at GND
    Warning (13410): Pin "RegDst[0]" is stuck at GND
    Warning (13410): Pin "RegDst[1]" is stuck at GND
    Warning (13410): Pin "LSCtrl[0]" is stuck at GND
    Warning (13410): Pin "LSCtrl[1]" is stuck at GND
    Warning (13410): Pin "SSCtrl[0]" is stuck at GND
    Warning (13410): Pin "SSCtrl[1]" is stuck at GND
    Warning (13410): Pin "ExcptCtrl[0]" is stuck at GND
    Warning (13410): Pin "ExcptCtrl[1]" is stuck at GND
    Warning (13410): Pin "ShiftCtrl[0]" is stuck at GND
    Warning (13410): Pin "ShiftCtrl[1]" is stuck at GND
    Warning (13410): Pin "ShiftCtrl[2]" is stuck at GND
    Warning (13410): Pin "PCSrc[0]" is stuck at GND
    Warning (13410): Pin "PCSrc[1]" is stuck at GND
    Warning (13410): Pin "PCSrc[2]" is stuck at GND
    Warning (13410): Pin "ALUCtrl[0]" is stuck at GND
    Warning (13410): Pin "ALUCtrl[1]" is stuck at GND
    Warning (13410): Pin "ALUCtrl[2]" is stuck at GND
    Warning (13410): Pin "DataSrc[0]" is stuck at GND
    Warning (13410): Pin "DataSrc[1]" is stuck at GND
    Warning (13410): Pin "DataSrc[2]" is stuck at GND
    Warning (13410): Pin "DataSrc[3]" is stuck at GND
Warning (21074): Design contains 18 input pin(s) that do not drive logic
    Warning (15610): No output dependent on input pin "clk"
    Warning (15610): No output dependent on input pin "reset"
    Warning (15610): No output dependent on input pin "eqf"
    Warning (15610): No output dependent on input pin "gtf"
    Warning (15610): No output dependent on input pin "ov"
    Warning (15610): No output dependent on input pin "div0"
    Warning (15610): No output dependent on input pin "funct[0]"
    Warning (15610): No output dependent on input pin "funct[1]"
    Warning (15610): No output dependent on input pin "funct[2]"
    Warning (15610): No output dependent on input pin "funct[3]"
    Warning (15610): No output dependent on input pin "funct[4]"
    Warning (15610): No output dependent on input pin "funct[5]"
    Warning (15610): No output dependent on input pin "opCode[0]"
    Warning (15610): No output dependent on input pin "opCode[1]"
    Warning (15610): No output dependent on input pin "opCode[2]"
    Warning (15610): No output dependent on input pin "opCode[3]"
    Warning (15610): No output dependent on input pin "opCode[4]"
    Warning (15610): No output dependent on input pin "opCode[5]"
Info (21057): Implemented 56 device resources after synthesis - the final resource count might be different
    Info (21058): Implemented 18 input pins
    Info (21059): Implemented 38 output pins
Info: Quartus II 64-Bit Analysis & Synthesis was successful. 0 errors, 58 warnings
    Info: Peak virtual memory: 661 megabytes
    Info: Processing ended: Sat May 13 22:36:38 2017
    Info: Elapsed time: 00:00:03
    Info: Total CPU time (on all processors): 00:00:02


